github.com/nephio-project/nephio/krm-functions/lib/condkptsdk/inventory.go:46:			newInventory				100.0%
github.com/nephio-project/nephio/krm-functions/lib/condkptsdk/inventory.go:84:			initializeGVKInventory			76.5%
github.com/nephio-project/nephio/krm-functions/lib/condkptsdk/inventory.go:113:			addGVKObjectReference			100.0%
github.com/nephio-project/nephio/krm-functions/lib/condkptsdk/inventory.go:125:			isGVKMatch				0.0%
github.com/nephio-project/nephio/krm-functions/lib/condkptsdk/inventory_diff.go:55:		diff					58.3%
github.com/nephio-project/nephio/krm-functions/lib/condkptsdk/inventory_diff.go:190:		getSpec					71.4%
github.com/nephio-project/nephio/krm-functions/lib/condkptsdk/inventory_ready.go:38:		isReady					91.7%
github.com/nephio-project/nephio/krm-functions/lib/condkptsdk/inventory_ready.go:69:		getReadyMap				0.0%
github.com/nephio-project/nephio/krm-functions/lib/condkptsdk/inventory_resources.go:63:	set					100.0%
github.com/nephio-project/nephio/krm-functions/lib/condkptsdk/inventory_resources.go:75:	delete					83.3%
github.com/nephio-project/nephio/krm-functions/lib/condkptsdk/inventory_resources.go:88:	get					71.4%
github.com/nephio-project/nephio/krm-functions/lib/condkptsdk/inventory_resources.go:102:	list					100.0%
github.com/nephio-project/nephio/krm-functions/lib/condkptsdk/inventory_resources.go:109:	list					100.0%
github.com/nephio-project/nephio/krm-functions/lib/condkptsdk/inventory_resources.go:121:	isInitialized				100.0%
github.com/nephio-project/nephio/krm-functions/lib/condkptsdk/inventory_resources.go:129:	init					100.0%
github.com/nephio-project/nephio/krm-functions/lib/condkptsdk/inventory_resources.go:135:	getSdkRefs				88.9%
github.com/nephio-project/nephio/krm-functions/lib/condkptsdk/inventory_resources.go:155:	set					93.3%
github.com/nephio-project/nephio/krm-functions/lib/condkptsdk/inventory_resources.go:187:	delete					100.0%
github.com/nephio-project/nephio/krm-functions/lib/condkptsdk/inventory_resources.go:200:	get					87.5%
github.com/nephio-project/nephio/krm-functions/lib/condkptsdk/inventory_resources.go:233:	Deepcopy				80.0%
github.com/nephio-project/nephio/krm-functions/lib/condkptsdk/inventory_resources.go:242:	DeepCopyInto				100.0%
github.com/nephio-project/nephio/krm-functions/lib/condkptsdk/sdk.go:60:			UpdateResourceFnNop			0.0%
github.com/nephio-project/nephio/krm-functions/lib/condkptsdk/sdk.go:64:			New					100.0%
github.com/nephio-project/nephio/krm-functions/lib/condkptsdk/sdk.go:87:			Run					0.0%
github.com/nephio-project/nephio/krm-functions/lib/condkptsdk/sdk_list_inventory.go:21:		listInventory				0.0%
github.com/nephio-project/nephio/krm-functions/lib/condkptsdk/sdk_populate_inventory.go:27:	populateInventory			0.0%
github.com/nephio-project/nephio/krm-functions/lib/condkptsdk/sdk_populate_inventory.go:80:	populate				0.0%
github.com/nephio-project/nephio/krm-functions/lib/condkptsdk/sdk_stage1.go:28:			populateChildren			0.0%
github.com/nephio-project/nephio/krm-functions/lib/condkptsdk/sdk_stage1.go:85:			updateChildren				0.0%
github.com/nephio-project/nephio/krm-functions/lib/condkptsdk/sdk_stage2.go:31:			updateResource				0.0%
github.com/nephio-project/nephio/krm-functions/lib/condkptsdk/sdk_stage2.go:104:		handleGenerateUpdate			0.0%
github.com/nephio-project/nephio/krm-functions/lib/condkptsdk/sdk_updates.go:30:		handleUpdate				0.0%
github.com/nephio-project/nephio/krm-functions/lib/condkptsdk/sdk_updates.go:64:		deleteConditionInKptFile		0.0%
github.com/nephio-project/nephio/krm-functions/lib/condkptsdk/sdk_updates.go:92:		setConditionInKptFile			0.0%
github.com/nephio-project/nephio/krm-functions/lib/condkptsdk/sdk_updates.go:129:		setObjectInResourceList			0.0%
github.com/nephio-project/nephio/krm-functions/lib/condkptsdk/sdk_updates.go:163:		updateKptFile				0.0%
github.com/nephio-project/nephio/krm-functions/lib/condkptsdk/sdk_updates.go:180:		deleteObjFromResourceList		0.0%
github.com/nephio-project/nephio/krm-functions/lib/condkptsdk/sdk_watches.go:27:		callGlobalWatches			0.0%
github.com/nephio-project/nephio/krm-functions/lib/condkptsdk/utils.go:28:			validateGVKRef				100.0%
github.com/nephio-project/nephio/krm-functions/lib/condkptsdk/utils.go:37:			validateGVKNRef				100.0%
github.com/nephio-project/nephio/krm-functions/lib/condkptsdk/utils.go:46:			getGVKRefFromGVKNref			100.0%
github.com/nephio-project/nephio/krm-functions/lib/condkptsdk/utils.go:51:			isRefsValid				100.0%
github.com/nephio-project/nephio/krm-functions/lib/condkptsdk/utils.go:62:			isGVKNNEqual				100.0%
github.com/nephio-project/nephio/krm-functions/lib/interface/v1alpha1/interface.go:31:		NewFromKubeObject			0.0%
github.com/nephio-project/nephio/krm-functions/lib/interface/v1alpha1/interface.go:41:		NewFromYAML				100.0%
github.com/nephio-project/nephio/krm-functions/lib/interface/v1alpha1/interface.go:51:		NewFromGoStruct				100.0%
github.com/nephio-project/nephio/krm-functions/lib/interface/v1alpha1/interface.go:59:		SetSpec					100.0%
github.com/nephio-project/nephio/krm-functions/lib/interface/v1alpha1/interface.go:63:		SetStatus				100.0%
github.com/nephio-project/nephio/krm-functions/lib/ipalloc/v1alpha1/ipalloc.go:31:		NewFromKubeObject			0.0%
github.com/nephio-project/nephio/krm-functions/lib/ipalloc/v1alpha1/ipalloc.go:41:		NewFromYAML				100.0%
github.com/nephio-project/nephio/krm-functions/lib/ipalloc/v1alpha1/ipalloc.go:51:		NewFromGoStruct				100.0%
github.com/nephio-project/nephio/krm-functions/lib/ipalloc/v1alpha1/ipalloc.go:59:		SetSpec					100.0%
github.com/nephio-project/nephio/krm-functions/lib/ipalloc/v1alpha1/ipalloc.go:63:		SetStatus				100.0%
github.com/nephio-project/nephio/krm-functions/lib/kptfile/v1/condition.go:30:			GetConditionType			100.0%
github.com/nephio-project/nephio/krm-functions/lib/kptfile/v1/condition.go:57:			GetGVKNFromConditionType		0.0%
github.com/nephio-project/nephio/krm-functions/lib/kptfile/v1/kpt.go:55:			New					100.0%
github.com/nephio-project/nephio/krm-functions/lib/kptfile/v1/kpt.go:72:			Marshal					66.7%
github.com/nephio-project/nephio/krm-functions/lib/kptfile/v1/kpt.go:81:			ParseKubeObject				83.3%
github.com/nephio-project/nephio/krm-functions/lib/kptfile/v1/kpt.go:92:			GetKptFile				100.0%
github.com/nephio-project/nephio/krm-functions/lib/kptfile/v1/kpt.go:98:			SetConditions				93.3%
github.com/nephio-project/nephio/krm-functions/lib/kptfile/v1/kpt.go:135:			DeleteCondition				85.7%
github.com/nephio-project/nephio/krm-functions/lib/kptfile/v1/kpt.go:151:			GetCondition				100.0%
github.com/nephio-project/nephio/krm-functions/lib/kptfile/v1/kpt.go:168:			GetConditions				100.0%
github.com/nephio-project/nephio/krm-functions/lib/kptfile/v1/kpt.go:178:			SortConditions				83.3%
github.com/nephio-project/nephio/krm-functions/lib/kptrl/kptrl.go:34:				AddResult				100.0%
github.com/nephio-project/nephio/krm-functions/lib/kptrl/kptrl.go:39:				GetResults				100.0%
github.com/nephio-project/nephio/krm-functions/lib/kptrl/kptrl.go:45:				GetObjects				100.0%
github.com/nephio-project/nephio/krm-functions/lib/kptrl/kptrl.go:50:				GetAllObjects				100.0%
github.com/nephio-project/nephio/krm-functions/lib/kptrl/kptrl.go:57:				SetObject				100.0%
github.com/nephio-project/nephio/krm-functions/lib/kptrl/kptrl.go:62:				DeleteObject				100.0%
github.com/nephio-project/nephio/krm-functions/lib/kptrl/kptrl.go:71:				isGVKNNEqual				100.0%
github.com/nephio-project/nephio/krm-functions/lib/kptrl/kptrl.go:81:				includeFile				80.0%
github.com/nephio-project/nephio/krm-functions/lib/kptrl/kptrl.go:91:				GetResourceList				78.9%
github.com/nephio-project/nephio/krm-functions/lib/kubeobject/kubeobject.go:30:			KubeObjectToStruct			0.0%
github.com/nephio-project/nephio/krm-functions/lib/kubeobject/kubeobject.go:43:			GetGoStruct				100.0%
github.com/nephio-project/nephio/krm-functions/lib/kubeobject/kubeobject.go:52:			NewFromKubeObject			75.0%
github.com/nephio-project/nephio/krm-functions/lib/kubeobject/kubeobject.go:62:			NewFromYaml				80.0%
github.com/nephio-project/nephio/krm-functions/lib/kubeobject/kubeobject.go:73:			NewFromGoStruct				71.4%
github.com/nephio-project/nephio/krm-functions/lib/kubeobject/kubeobject.go:87:			UnsafeSetSpec				0.0%
github.com/nephio-project/nephio/krm-functions/lib/kubeobject/kubeobject.go:93:			UnsafeSetStatus				0.0%
github.com/nephio-project/nephio/krm-functions/lib/kubeobject/kubeobject.go:99:			SetFromTypedObject			100.0%
github.com/nephio-project/nephio/krm-functions/lib/kubeobject/kubeobject.go:105:		SetSpec					100.0%
github.com/nephio-project/nephio/krm-functions/lib/kubeobject/kubeobject.go:111:		SetStatus				100.0%
github.com/nephio-project/nephio/krm-functions/lib/kubeobject/kubeobject.go:115:		SetNestedFieldKeepFormatting		0.0%
github.com/nephio-project/nephio/krm-functions/lib/kubeobject/kubeobject.go:125:		setNestedFieldKeepFormatting		83.3%
github.com/nephio-project/nephio/krm-functions/lib/kubeobject/kubeobject.go:148:		getFieldOrPanic				85.7%
github.com/nephio-project/nephio/krm-functions/lib/kubeobject/kubeobject.go:160:		validateTypeOrPanic			100.0%
github.com/nephio-project/nephio/krm-functions/lib/kubeobject/kubeobject.go:169:		shallowCopyComments			100.0%
github.com/nephio-project/nephio/krm-functions/lib/kubeobject/kubeobject.go:176:		deepCopyFormatting			50.0%
github.com/nephio-project/nephio/krm-functions/lib/kubeobject/kubeobject.go:200:		copyMapFormatting			88.2%
github.com/nephio-project/nephio/krm-functions/lib/kubeobject/kubeobject.go:233:		copyListFormatting			100.0%
github.com/nephio-project/nephio/krm-functions/lib/kubeobject/kubeobject.go:251:		asString				66.7%
github.com/nephio-project/nephio/krm-functions/lib/kubeobject/kubeobject.go:260:		findKey					100.0%
github.com/nephio-project/nephio/krm-functions/lib/kubeobject/kubeobject.go:274:		findMatchingItemForFormattingCopy	100.0%
github.com/nephio-project/nephio/krm-functions/lib/kubeobject/kubeobject.go:285:		shouldCopyFormatting			68.4%
github.com/nephio-project/nephio/krm-functions/lib/kubeobject/kubeobject.go:326:		yamlNodeOf				80.0%
github.com/nephio-project/nephio/krm-functions/lib/kubeobject/kubeobject.go:344:		setYamlNodeOf				75.0%
github.com/nephio-project/nephio/krm-functions/lib/kubeobject/kubeobject.go:358:		parseFirstObj				71.4%
github.com/nephio-project/nephio/krm-functions/lib/kubeobject/kubeobject.go:371:		toYAML					62.5%
github.com/nephio-project/nephio/krm-functions/lib/kubeobject/lists.go:44:			GetGVKOrPanic				80.0%
github.com/nephio-project/nephio/krm-functions/lib/kubeobject/lists.go:59:			FilterByType				90.9%
github.com/nephio-project/nephio/krm-functions/lib/kubeobject/lists.go:80:			GetSingleton				85.7%
github.com/nephio-project/nephio/krm-functions/lib/nad/v1/nad.go:85:				NewFromKubeObject			75.0%
github.com/nephio-project/nephio/krm-functions/lib/nad/v1/nad.go:95:				NewFromYAML				100.0%
github.com/nephio-project/nephio/krm-functions/lib/nad/v1/nad.go:105:				NewFromGoStruct				100.0%
github.com/nephio-project/nephio/krm-functions/lib/nad/v1/nad.go:113:				getNadConfig				86.4%
github.com/nephio-project/nephio/krm-functions/lib/nad/v1/nad.go:206:				setNadConfig				75.0%
github.com/nephio-project/nephio/krm-functions/lib/nad/v1/nad.go:214:				getStringValue				83.3%
github.com/nephio-project/nephio/krm-functions/lib/nad/v1/nad.go:225:				GetConfigSpec				100.0%
github.com/nephio-project/nephio/krm-functions/lib/nad/v1/nad.go:229:				GetCNIType				62.5%
github.com/nephio-project/nephio/krm-functions/lib/nad/v1/nad.go:244:				GetVlan					75.0%
github.com/nephio-project/nephio/krm-functions/lib/nad/v1/nad.go:252:				GetNadMaster				62.5%
github.com/nephio-project/nephio/krm-functions/lib/nad/v1/nad.go:267:				GetIpamAddress				62.5%
github.com/nephio-project/nephio/krm-functions/lib/nad/v1/nad.go:283:				SetConfigSpec				100.0%
github.com/nephio-project/nephio/krm-functions/lib/nad/v1/nad.go:287:				SetCNIType				92.3%
github.com/nephio-project/nephio/krm-functions/lib/nad/v1/nad.go:312:				SetVlan					85.7%
github.com/nephio-project/nephio/krm-functions/lib/nad/v1/nad.go:325:				SetNadMaster				80.0%
github.com/nephio-project/nephio/krm-functions/lib/nad/v1/nad.go:344:				SetIpamAddress				80.0%
github.com/nephio-project/nephio/krm-functions/lib/nad/v1/nad.go:363:				String					75.0%
github.com/nephio-project/nephio/krm-functions/lib/vlanalloc/v1alpha1/vlanalloc.go:31:		NewFromKubeObject			0.0%
github.com/nephio-project/nephio/krm-functions/lib/vlanalloc/v1alpha1/vlanalloc.go:41:		NewFromYAML				100.0%
github.com/nephio-project/nephio/krm-functions/lib/vlanalloc/v1alpha1/vlanalloc.go:51:		NewFromGoStruct				100.0%
github.com/nephio-project/nephio/krm-functions/lib/vlanalloc/v1alpha1/vlanalloc.go:59:		SetSpec					100.0%
github.com/nephio-project/nephio/krm-functions/lib/vlanalloc/v1alpha1/vlanalloc.go:63:		SetStatus				100.0%
total:												(statements)				51.8%
